[35m[Appium][39m Welcome to Appium v1.22.3
[35m[Appium][39m Non-default server args:
[35m[Appium][39m   port: 64030
[35m[Appium][39m   loglevel: info
[35m[Appium][39m   tmpDir: C:\Users\62822\AppData\Local\Temp\\Katalon\Appium\Temp1702871426025
[35m[Appium][39m   chromedriverPort: 64031
[35m[Appium][39m Deprecated server args:
[35m[Appium][39m   [31m--chromedriver-port[39m => --default-capabilities
[35m[Appium][39m Default capabilities, which will be added to each request unless overridden by desired capabilities:
[35m[Appium][39m   chromedriverPort: 64031
[35m[Appium][39m Appium REST http interface listener started on 0.0.0.0:64030
[35m[HTTP][39m [37m-->[39m [37mGET[39m [37m/wd/hub/status[39m
[35m[HTTP][39m [90m{}[39m
[35m[HTTP][39m [37m<-- GET /wd/hub/status [39m[32m200[39m [90m8 ms - 68[39m
[35m[HTTP][39m [90m[39m
[35m[HTTP][39m [37m-->[39m [37mGET[39m [37m/wd/hub/status[39m
[35m[HTTP][39m [90m{}[39m
[35m[HTTP][39m [37m<-- GET /wd/hub/status [39m[32m200[39m [90m2 ms - 68[39m
[35m[HTTP][39m [90m[39m
[35m[HTTP][39m [37m-->[39m [37mPOST[39m [37m/wd/hub/session[39m
[35m[HTTP][39m [90m{"desiredCapabilities":{"appActivity":".Settings","appPackage":"com.android.settings","newCommandTimeout":1800,"platformVersion":"12","automationName":"uiautomator2","autoGrantPermissions":true,"platformName":"Android","udid":"emulator-5554","deviceName":"emulator-5554 (sdk_gphone64_x86_64 - Android 12)","platform":"ANDROID","systemPort":8204},"capabilities":{"firstMatch":[{"appium:appActivity":".Settings","appium:appPackage":"com.android.settings","appium:autoGrantPermissions":true,"appium:automationName":"uiautomator2","appium:deviceName":"emulator-5554 (sdk_gphone64_x86_64 - Android 12)","appium:newCommandTimeout":1800,"platform":"ANDROID","platformName":"android","appium:platformVersion":"12","appium:systemPort":8204,"appium:udid":"emulator-5554"}]}}[39m
[35m[BaseDriver][39m The following capabilities are not standard capabilities and should have an extension prefix:
[35m[BaseDriver][39m   platform
[35m[BaseDriver][39m   chromedriverPort
[35m[Appium][39m Appium v1.22.3 creating new AndroidUiautomator2Driver (v1.70.1) session
[35m[BaseDriver][39m The following capabilities were provided, but are not recognized by Appium:
[35m[BaseDriver][39m   platform
[35m[BaseDriver][39m Session created with session id: ca13dbb0-4686-4af4-a0f6-7790ead09c8f
[35m[UiAutomator2][39m Starting 'com.android.settings' directly on the device
[35m[ADB][39m Found 1 'build-tools' folders under 'C:\Users\62822\AppData\Local\Android\Sdk' (newest first):
[35m[ADB][39m     C:/Users/62822/AppData/Local/Android/Sdk/build-tools/34.0.0
[35m[ADB][39m Using 'adb.exe' from 'C:\Users\62822\AppData\Local\Android\Sdk\platform-tools\adb.exe'
[35m[AndroidDriver][39m Retrieving device list
[35m[AndroidDriver][39m Using device: emulator-5554
[35m[ADB][39m Using 'adb.exe' from 'C:\Users\62822\AppData\Local\Android\Sdk\platform-tools\adb.exe'
[35m[ADB][39m Getting device platform version
[35m[UiAutomator2][39m Relaxing hidden api policy
[35m[AndroidDriver][39m No app sent in, not parsing package/activity
[35m[ADB][39m Using 'apksigner.jar' from 'C:\Users\62822\AppData\Local\Android\Sdk\build-tools\34.0.0\lib\apksigner.jar'
[35m[ADB][39m 'C:\Users\62822\AppData\Roaming\npm\node_modules\appium\node_modules\appium-uiautomator2-server\apks\appium-uiautomator2-server-v4.27.0.apk' is signed with the default certificate
[35m[ADB][39m 'C:\Users\62822\AppData\Roaming\npm\node_modules\appium\node_modules\appium-uiautomator2-server\apks\appium-uiautomator2-server-debug-androidTest.apk' is signed with the default certificate
[35m[UiAutomator2][39m Server packages are not going to be (re)installed
[35m[ADB][39m Adding packages ["io.appium.settings","io.appium.uiautomator2.server","io.appium.uiautomator2.server.test"] to Doze whitelist
[35m[UiAutomator2][39m Starting UIAutomator2 server 4.27.0
[35m[UiAutomator2][39m Using UIAutomator2 server from 'C:\Users\62822\AppData\Roaming\npm\node_modules\appium\node_modules\appium-uiautomator2-server\apks\appium-uiautomator2-server-v4.27.0.apk' and test from 'C:\Users\62822\AppData\Roaming\npm\node_modules\appium\node_modules\appium-uiautomator2-server\apks\appium-uiautomator2-server-debug-androidTest.apk'
[35m[UiAutomator2][39m Waiting up to 30000ms for UiAutomator2 to be online...
[35m[WD Proxy][39m socket hang up
[35m[WD Proxy][39m socket hang up
[35m[WD Proxy][39m socket hang up
[35m[WD Proxy][39m Determined the downstream protocol as 'W3C'
[35m[AndroidDriver][39m Screen already unlocked, doing nothing
[35m[UiAutomator2][39m Starting 'com.android.settings/.Settings and waiting for 'com.android.settings/.Settings'
[35m[Appium][39m New AndroidUiautomator2Driver session created successfully, session ca13dbb0-4686-4af4-a0f6-7790ead09c8f added to master session list
[35m[HTTP][39m [37m<-- POST /wd/hub/session [39m[32m200[39m [90m9937 ms - 1194[39m
[35m[HTTP][39m [90m[39m
[35m[HTTP][39m [37m-->[39m [37mGET[39m [37m/wd/hub/session/ca13dbb0-4686-4af4-a0f6-7790ead09c8f[39m
[35m[HTTP][39m [90m{}[39m
[35m[HTTP][39m [37m<-- GET /wd/hub/session/ca13dbb0-4686-4af4-a0f6-7790ead09c8f [39m[32m200[39m [90m51 ms - 1148[39m
[35m[HTTP][39m [90m[39m
[35m[HTTP][39m [37m-->[39m [37mGET[39m [37m/wd/hub/session/ca13dbb0-4686-4af4-a0f6-7790ead09c8f[39m
[35m[HTTP][39m [90m{}[39m
[35m[HTTP][39m [37m<-- GET /wd/hub/session/ca13dbb0-4686-4af4-a0f6-7790ead09c8f [39m[32m200[39m [90m36 ms - 1148[39m
[35m[HTTP][39m [90m[39m
[35m[HTTP][39m [37m-->[39m [37mGET[39m [37m/wd/hub/status[39m
[35m[HTTP][39m [90m{}[39m
[35m[HTTP][39m [37m<-- GET /wd/hub/status [39m[32m200[39m [90m2 ms - 68[39m
[35m[HTTP][39m [90m[39m
[35m[HTTP][39m [37m-->[39m [37mPOST[39m [37m/wd/hub/session/ca13dbb0-4686-4af4-a0f6-7790ead09c8f/timeouts[39m
[35m[HTTP][39m [90m{"implicit":60000}[39m
[35m[HTTP][39m [37m<-- POST /wd/hub/session/ca13dbb0-4686-4af4-a0f6-7790ead09c8f/timeouts [39m[32m200[39m [90m7 ms - 14[39m
[35m[HTTP][39m [90m[39m
[35m[HTTP][39m [37m-->[39m [37mGET[39m [37m/wd/hub/session/ca13dbb0-4686-4af4-a0f6-7790ead09c8f/screenshot[39m
[35m[HTTP][39m [90m{}[39m
[35m[HTTP][39m [37m<-- GET /wd/hub/session/ca13dbb0-4686-4af4-a0f6-7790ead09c8f/screenshot [39m[32m200[39m [90m784 ms - 240692[39m
[35m[HTTP][39m [90m[39m
[35m[HTTP][39m [37m-->[39m [37mGET[39m [37m/wd/hub/session/ca13dbb0-4686-4af4-a0f6-7790ead09c8f/window/rect[39m
[35m[HTTP][39m [90m{}[39m
[35m[HTTP][39m [37m<-- GET /wd/hub/session/ca13dbb0-4686-4af4-a0f6-7790ead09c8f/window/rect [39m[32m200[39m [90m33 ms - 50[39m
[35m[HTTP][39m [90m[39m
[35m[HTTP][39m [37m-->[39m [37mGET[39m [37m/wd/hub/session/ca13dbb0-4686-4af4-a0f6-7790ead09c8f/appium/device/system_bars[39m
[35m[HTTP][39m [90m{}[39m
[35m[HTTP][39m [37m<-- GET /wd/hub/session/ca13dbb0-4686-4af4-a0f6-7790ead09c8f/appium/device/system_bars [39m[32m200[39m [90m132 ms - 145[39m
[35m[HTTP][39m [90m[39m
[35m[HTTP][39m [37m-->[39m [37mPOST[39m [37m/wd/hub/session/ca13dbb0-4686-4af4-a0f6-7790ead09c8f/appium/device/activate_app[39m
[35m[HTTP][39m [90m{"bundleId":"com.example.capstone_restaurant"}[39m
[35m[HTTP][39m [37m<-- POST /wd/hub/session/ca13dbb0-4686-4af4-a0f6-7790ead09c8f/appium/device/activate_app [39m[32m200[39m [90m813 ms - 14[39m
[35m[HTTP][39m [90m[39m
[35m[HTTP][39m [37m-->[39m [37mGET[39m [37m/wd/hub/session/ca13dbb0-4686-4af4-a0f6-7790ead09c8f/source[39m
[35m[HTTP][39m [90m{}[39m
[35m[W3C (ca13dbb0)][39m Driver proxy active, passing request on via HTTP proxy
[35m[WD Proxy][39m Replacing sessionId cdb55418-174a-4803-9e9f-058d5e655576 with ca13dbb0-4686-4af4-a0f6-7790ead09c8f
[35m[HTTP][39m [37m<-- GET /wd/hub/session/ca13dbb0-4686-4af4-a0f6-7790ead09c8f/source [39m[32m200[39m [90m331 ms - 4983[39m
[35m[HTTP][39m [90m[39m
[35m[HTTP][39m [37m-->[39m [37mGET[39m [37m/wd/hub/session/ca13dbb0-4686-4af4-a0f6-7790ead09c8f/screenshot[39m
[35m[HTTP][39m [90m{}[39m
[35m[HTTP][39m [37m<-- GET /wd/hub/session/ca13dbb0-4686-4af4-a0f6-7790ead09c8f/screenshot [39m[32m200[39m [90m1888 ms - 2793238[39m
[35m[HTTP][39m [90m[39m
[35m[HTTP][39m [37m-->[39m [37mPOST[39m [37m/wd/hub/session/ca13dbb0-4686-4af4-a0f6-7790ead09c8f/elements[39m
[35m[HTTP][39m [90m{"using":"xpath","value":"//*[@class = 'android.view.View' and @resource-id = '' and (@text = '' or . = '')]"}[39m
[35m[HTTP][39m [37m<-- POST /wd/hub/session/ca13dbb0-4686-4af4-a0f6-7790ead09c8f/elements [39m[32m200[39m [90m770 ms - 779[39m
[35m[HTTP][39m [90m[39m
[35m[HTTP][39m [37m-->[39m [37mPOST[39m [37m/wd/hub/session/ca13dbb0-4686-4af4-a0f6-7790ead09c8f/elements[39m
[35m[HTTP][39m [90m{"using":"accessibility id","value":"Mulai"}[39m
[35m[HTTP][39m [37m<-- POST /wd/hub/session/ca13dbb0-4686-4af4-a0f6-7790ead09c8f/elements [39m[32m200[39m [90m29 ms - 139[39m
[35m[HTTP][39m [90m[39m
[35m[HTTP][39m [37m-->[39m [37mGET[39m [37m/wd/hub/session/ca13dbb0-4686-4af4-a0f6-7790ead09c8f/window/rect[39m
[35m[HTTP][39m [90m{}[39m
[35m[HTTP][39m [37m<-- GET /wd/hub/session/ca13dbb0-4686-4af4-a0f6-7790ead09c8f/window/rect [39m[32m200[39m [90m18 ms - 50[39m
[35m[HTTP][39m [90m[39m
[35m[HTTP][39m [37m-->[39m [37mPOST[39m [37m/wd/hub/session/ca13dbb0-4686-4af4-a0f6-7790ead09c8f/elements[39m
[35m[HTTP][39m [90m{"using":"accessibility id","value":"Mulai"}[39m
[35m[HTTP][39m [37m<-- POST /wd/hub/session/ca13dbb0-4686-4af4-a0f6-7790ead09c8f/elements [39m[32m200[39m [90m32 ms - 139[39m
[35m[HTTP][39m [90m[39m
[35m[HTTP][39m [37m-->[39m [37mGET[39m [37m/wd/hub/session/ca13dbb0-4686-4af4-a0f6-7790ead09c8f/element/00000000-0000-0016-0000-000f00000003/location[39m
[35m[HTTP][39m [90m{}[39m
[35m[W3C (ca13dbb0)][39m Driver proxy active, passing request on via HTTP proxy
[35m[WD Proxy][39m Replacing sessionId cdb55418-174a-4803-9e9f-058d5e655576 with ca13dbb0-4686-4af4-a0f6-7790ead09c8f
[35m[HTTP][39m [37m<-- GET /wd/hub/session/ca13dbb0-4686-4af4-a0f6-7790ead09c8f/element/00000000-0000-0016-0000-000f00000003/location [39m[32m200[39m [90m26 ms - 78[39m
[35m[HTTP][39m [90m[39m
[35m[HTTP][39m [37m-->[39m [37mPOST[39m [37m/wd/hub/session/ca13dbb0-4686-4af4-a0f6-7790ead09c8f/element/00000000-0000-0016-0000-000f00000003/click[39m
[35m[HTTP][39m [90m{"id":"00000000-0000-0016-0000-000f00000003"}[39m
[35m[HTTP][39m [37m<-- POST /wd/hub/session/ca13dbb0-4686-4af4-a0f6-7790ead09c8f/element/00000000-0000-0016-0000-000f00000003/click [39m[32m200[39m [90m116 ms - 14[39m
[35m[HTTP][39m [90m[39m
[35m[HTTP][39m [37m-->[39m [37mGET[39m [37m/wd/hub/session/ca13dbb0-4686-4af4-a0f6-7790ead09c8f/source[39m
[35m[HTTP][39m [90m{}[39m
[35m[W3C (ca13dbb0)][39m Driver proxy active, passing request on via HTTP proxy
[35m[WD Proxy][39m Replacing sessionId cdb55418-174a-4803-9e9f-058d5e655576 with ca13dbb0-4686-4af4-a0f6-7790ead09c8f
[35m[HTTP][39m [37m<-- GET /wd/hub/session/ca13dbb0-4686-4af4-a0f6-7790ead09c8f/source [39m[32m200[39m [90m61 ms - 5475[39m
[35m[HTTP][39m [90m[39m
[35m[HTTP][39m [37m-->[39m [37mGET[39m [37m/wd/hub/session/ca13dbb0-4686-4af4-a0f6-7790ead09c8f/screenshot[39m
[35m[HTTP][39m [90m{}[39m
[35m[HTTP][39m [37m<-- GET /wd/hub/session/ca13dbb0-4686-4af4-a0f6-7790ead09c8f/screenshot [39m[32m200[39m [90m591 ms - 454970[39m
[35m[HTTP][39m [90m[39m
[35m[HTTP][39m [37m-->[39m [37mPOST[39m [37m/wd/hub/session/ca13dbb0-4686-4af4-a0f6-7790ead09c8f/elements[39m
[35m[HTTP][39m [90m{"using":"xpath","value":"//*[@class = 'android.view.View' and @resource-id = '' and (@text = '' or . = '')]"}[39m
[35m[HTTP][39m [37m<-- POST /wd/hub/session/ca13dbb0-4686-4af4-a0f6-7790ead09c8f/elements [39m[32m200[39m [90m83 ms - 907[39m
[35m[HTTP][39m [90m[39m
[35m[HTTP][39m [37m-->[39m [37mPOST[39m [37m/wd/hub/session/ca13dbb0-4686-4af4-a0f6-7790ead09c8f/elements[39m
[35m[HTTP][39m [90m{"using":"accessibility id","value":"Lewati"}[39m
[35m[HTTP][39m [37m<-- POST /wd/hub/session/ca13dbb0-4686-4af4-a0f6-7790ead09c8f/elements [39m[32m200[39m [90m32 ms - 139[39m
[35m[HTTP][39m [90m[39m
[35m[HTTP][39m [37m-->[39m [37mGET[39m [37m/wd/hub/session/ca13dbb0-4686-4af4-a0f6-7790ead09c8f/window/rect[39m
[35m[HTTP][39m [90m{}[39m
[35m[HTTP][39m [37m<-- GET /wd/hub/session/ca13dbb0-4686-4af4-a0f6-7790ead09c8f/window/rect [39m[32m200[39m [90m16 ms - 50[39m
[35m[HTTP][39m [90m[39m
[35m[HTTP][39m [37m-->[39m [37mPOST[39m [37m/wd/hub/session/ca13dbb0-4686-4af4-a0f6-7790ead09c8f/elements[39m
[35m[HTTP][39m [90m{"using":"accessibility id","value":"Lewati"}[39m
[35m[HTTP][39m [37m<-- POST /wd/hub/session/ca13dbb0-4686-4af4-a0f6-7790ead09c8f/elements [39m[32m200[39m [90m29 ms - 139[39m
[35m[HTTP][39m [90m[39m
[35m[HTTP][39m [37m-->[39m [37mGET[39m [37m/wd/hub/session/ca13dbb0-4686-4af4-a0f6-7790ead09c8f/element/00000000-0000-0016-0000-001400000003/location[39m
[35m[HTTP][39m [90m{}[39m
[35m[W3C (ca13dbb0)][39m Driver proxy active, passing request on via HTTP proxy
[35m[WD Proxy][39m Replacing sessionId cdb55418-174a-4803-9e9f-058d5e655576 with ca13dbb0-4686-4af4-a0f6-7790ead09c8f
[35m[HTTP][39m [37m<-- GET /wd/hub/session/ca13dbb0-4686-4af4-a0f6-7790ead09c8f/element/00000000-0000-0016-0000-001400000003/location [39m[32m200[39m [90m24 ms - 79[39m
[35m[HTTP][39m [90m[39m
[35m[HTTP][39m [37m-->[39m [37mPOST[39m [37m/wd/hub/session/ca13dbb0-4686-4af4-a0f6-7790ead09c8f/element/00000000-0000-0016-0000-001400000003/click[39m
[35m[HTTP][39m [90m{"id":"00000000-0000-0016-0000-001400000003"}[39m
[35m[HTTP][39m [37m<-- POST /wd/hub/session/ca13dbb0-4686-4af4-a0f6-7790ead09c8f/element/00000000-0000-0016-0000-001400000003/click [39m[32m200[39m [90m57 ms - 14[39m
[35m[HTTP][39m [90m[39m
[35m[HTTP][39m [37m-->[39m [37mGET[39m [37m/wd/hub/session/ca13dbb0-4686-4af4-a0f6-7790ead09c8f/source[39m
[35m[HTTP][39m [90m{}[39m
[35m[W3C (ca13dbb0)][39m Driver proxy active, passing request on via HTTP proxy
[35m[WD Proxy][39m Replacing sessionId cdb55418-174a-4803-9e9f-058d5e655576 with ca13dbb0-4686-4af4-a0f6-7790ead09c8f
[35m[HTTP][39m [37m<-- GET /wd/hub/session/ca13dbb0-4686-4af4-a0f6-7790ead09c8f/source [39m[32m200[39m [90m60 ms - 8792[39m
[35m[HTTP][39m [90m[39m
[35m[HTTP][39m [37m-->[39m [37mGET[39m [37m/wd/hub/session/ca13dbb0-4686-4af4-a0f6-7790ead09c8f/screenshot[39m
[35m[HTTP][39m [90m{}[39m
[35m[HTTP][39m [37m<-- GET /wd/hub/session/ca13dbb0-4686-4af4-a0f6-7790ead09c8f/screenshot [39m[32m200[39m [90m1012 ms - 1046046[39m
[35m[HTTP][39m [90m[39m
[35m[HTTP][39m [37m-->[39m [37mPOST[39m [37m/wd/hub/session/ca13dbb0-4686-4af4-a0f6-7790ead09c8f/elements[39m
[35m[HTTP][39m [90m{"using":"xpath","value":"//*[@class = 'android.widget.EditText' and @resource-id = '' and (@text = '' or . = '')]"}[39m
[35m[HTTP][39m [37m<-- POST /wd/hub/session/ca13dbb0-4686-4af4-a0f6-7790ead09c8f/elements [39m[32m200[39m [90m98 ms - 267[39m
[35m[HTTP][39m [90m[39m
[35m[HTTP][39m [37m-->[39m [37mPOST[39m [37m/wd/hub/session/ca13dbb0-4686-4af4-a0f6-7790ead09c8f/elements[39m
[35m[HTTP][39m [90m{"using":"-android uiautomator","value":"new UiSelector().className(\"android.widget.EditText\").resourceId(\"\")"}[39m
[35m[HTTP][39m [37m<-- POST /wd/hub/session/ca13dbb0-4686-4af4-a0f6-7790ead09c8f/elements [39m[32m200[39m [90m68 ms - 267[39m
[35m[HTTP][39m [90m[39m
[35m[HTTP][39m [37m-->[39m [37mGET[39m [37m/wd/hub/session/ca13dbb0-4686-4af4-a0f6-7790ead09c8f/window/rect[39m
[35m[HTTP][39m [90m{}[39m
[35m[HTTP][39m [37m<-- GET /wd/hub/session/ca13dbb0-4686-4af4-a0f6-7790ead09c8f/window/rect [39m[32m200[39m [90m15 ms - 50[39m
[35m[HTTP][39m [90m[39m
[35m[HTTP][39m [37m-->[39m [37mPOST[39m [37m/wd/hub/session/ca13dbb0-4686-4af4-a0f6-7790ead09c8f/elements[39m
[35m[HTTP][39m [90m{"using":"xpath","value":"//hierarchy/android.widget.FrameLayout[1]/android.widget.LinearLayout[1]/android.widget.FrameLayout[1]/android.widget.FrameLayout[1]/android.view.View[1]/android.view.View[1]/android.view.View[1]/android.view.View[1]/android.widget.EditText[1]"}[39m
[35m[HTTP][39m [37m<-- POST /wd/hub/session/ca13dbb0-4686-4af4-a0f6-7790ead09c8f/elements [39m[32m200[39m [90m88 ms - 139[39m
[35m[HTTP][39m [90m[39m
[35m[HTTP][39m [37m-->[39m [37mGET[39m [37m/wd/hub/session/ca13dbb0-4686-4af4-a0f6-7790ead09c8f/element/00000000-0000-0016-0000-001c00000003/location[39m
[35m[HTTP][39m [90m{}[39m
[35m[W3C (ca13dbb0)][39m Driver proxy active, passing request on via HTTP proxy
[35m[WD Proxy][39m Replacing sessionId cdb55418-174a-4803-9e9f-058d5e655576 with ca13dbb0-4686-4af4-a0f6-7790ead09c8f
[35m[HTTP][39m [37m<-- GET /wd/hub/session/ca13dbb0-4686-4af4-a0f6-7790ead09c8f/element/00000000-0000-0016-0000-001c00000003/location [39m[32m200[39m [90m36 ms - 78[39m
[35m[HTTP][39m [90m[39m
[35m[HTTP][39m [37m-->[39m [37mPOST[39m [37m/wd/hub/session/ca13dbb0-4686-4af4-a0f6-7790ead09c8f/element/00000000-0000-0016-0000-001c00000003/click[39m
[35m[HTTP][39m [90m{"id":"00000000-0000-0016-0000-001c00000003"}[39m
[35m[HTTP][39m [37m<-- POST /wd/hub/session/ca13dbb0-4686-4af4-a0f6-7790ead09c8f/element/00000000-0000-0016-0000-001c00000003/click [39m[32m200[39m [90m50 ms - 14[39m
[35m[HTTP][39m [90m[39m
[35m[HTTP][39m [37m-->[39m [37mGET[39m [37m/wd/hub/session/ca13dbb0-4686-4af4-a0f6-7790ead09c8f/source[39m
[35m[HTTP][39m [90m{}[39m
[35m[W3C (ca13dbb0)][39m Driver proxy active, passing request on via HTTP proxy
[35m[WD Proxy][39m Replacing sessionId cdb55418-174a-4803-9e9f-058d5e655576 with ca13dbb0-4686-4af4-a0f6-7790ead09c8f
[35m[HTTP][39m [37m<-- GET /wd/hub/session/ca13dbb0-4686-4af4-a0f6-7790ead09c8f/source [39m[32m200[39m [90m637 ms - 8790[39m
[35m[HTTP][39m [90m[39m
[35m[HTTP][39m [37m-->[39m [37mGET[39m [37m/wd/hub/session/ca13dbb0-4686-4af4-a0f6-7790ead09c8f/screenshot[39m
[35m[HTTP][39m [90m{}[39m
[35m[HTTP][39m [37m<-- GET /wd/hub/session/ca13dbb0-4686-4af4-a0f6-7790ead09c8f/screenshot [39m[32m200[39m [90m1760 ms - 1046292[39m
[35m[HTTP][39m [90m[39m
[35m[HTTP][39m [37m-->[39m [37mPOST[39m [37m/wd/hub/session/ca13dbb0-4686-4af4-a0f6-7790ead09c8f/elements[39m
[35m[HTTP][39m [90m{"using":"xpath","value":"//*[@class = 'android.widget.EditText' and @resource-id = '' and (@text = '' or . = '')]"}[39m
[35m[HTTP][39m [37m<-- POST /wd/hub/session/ca13dbb0-4686-4af4-a0f6-7790ead09c8f/elements [39m[32m200[39m [90m94 ms - 267[39m
[35m[HTTP][39m [90m[39m
[35m[HTTP][39m [37m-->[39m [37mPOST[39m [37m/wd/hub/session/ca13dbb0-4686-4af4-a0f6-7790ead09c8f/elements[39m
[35m[HTTP][39m [90m{"using":"-android uiautomator","value":"new UiSelector().className(\"android.widget.EditText\").resourceId(\"\")"}[39m
[35m[HTTP][39m [37m<-- POST /wd/hub/session/ca13dbb0-4686-4af4-a0f6-7790ead09c8f/elements [39m[32m200[39m [90m53 ms - 267[39m
[35m[HTTP][39m [90m[39m
[35m[HTTP][39m [37m-->[39m [37mGET[39m [37m/wd/hub/session/ca13dbb0-4686-4af4-a0f6-7790ead09c8f/window/rect[39m
[35m[HTTP][39m [90m{}[39m
[35m[HTTP][39m [37m<-- GET /wd/hub/session/ca13dbb0-4686-4af4-a0f6-7790ead09c8f/window/rect [39m[32m200[39m [90m17 ms - 50[39m
[35m[HTTP][39m [90m[39m
[35m[HTTP][39m [37m-->[39m [37mPOST[39m [37m/wd/hub/session/ca13dbb0-4686-4af4-a0f6-7790ead09c8f/elements[39m
[35m[HTTP][39m [90m{"using":"xpath","value":"//hierarchy/android.widget.FrameLayout[1]/android.widget.LinearLayout[1]/android.widget.FrameLayout[1]/android.widget.FrameLayout[1]/android.view.View[1]/android.view.View[1]/android.view.View[1]/android.view.View[1]/android.widget.EditText[1]"}[39m
[35m[HTTP][39m [37m<-- POST /wd/hub/session/ca13dbb0-4686-4af4-a0f6-7790ead09c8f/elements [39m[32m200[39m [90m101 ms - 139[39m
[35m[HTTP][39m [90m[39m
[35m[HTTP][39m [37m-->[39m [37mGET[39m [37m/wd/hub/session/ca13dbb0-4686-4af4-a0f6-7790ead09c8f/element/00000000-0000-0016-0000-001c00000003/location[39m
[35m[HTTP][39m [90m{}[39m
[35m[W3C (ca13dbb0)][39m Driver proxy active, passing request on via HTTP proxy
[35m[WD Proxy][39m Replacing sessionId cdb55418-174a-4803-9e9f-058d5e655576 with ca13dbb0-4686-4af4-a0f6-7790ead09c8f
[35m[HTTP][39m [37m<-- GET /wd/hub/session/ca13dbb0-4686-4af4-a0f6-7790ead09c8f/element/00000000-0000-0016-0000-001c00000003/location [39m[32m200[39m [90m40 ms - 78[39m
[35m[HTTP][39m [90m[39m
[35m[HTTP][39m [37m-->[39m [37mPOST[39m [37m/wd/hub/session/ca13dbb0-4686-4af4-a0f6-7790ead09c8f/element/00000000-0000-0016-0000-001c00000003/click[39m
[35m[HTTP][39m [90m{"id":"00000000-0000-0016-0000-001c00000003"}[39m
[35m[HTTP][39m [37m<-- POST /wd/hub/session/ca13dbb0-4686-4af4-a0f6-7790ead09c8f/element/00000000-0000-0016-0000-001c00000003/click [39m[32m200[39m [90m90 ms - 14[39m
[35m[HTTP][39m [90m[39m
[35m[HTTP][39m [37m-->[39m [37mGET[39m [37m/wd/hub/session/ca13dbb0-4686-4af4-a0f6-7790ead09c8f/source[39m
[35m[HTTP][39m [90m{}[39m
[35m[W3C (ca13dbb0)][39m Driver proxy active, passing request on via HTTP proxy
[35m[WD Proxy][39m Replacing sessionId cdb55418-174a-4803-9e9f-058d5e655576 with ca13dbb0-4686-4af4-a0f6-7790ead09c8f
[35m[HTTP][39m [37m<-- GET /wd/hub/session/ca13dbb0-4686-4af4-a0f6-7790ead09c8f/source [39m[32m200[39m [90m667 ms - 7521[39m
[35m[HTTP][39m [90m[39m
[35m[HTTP][39m [37m-->[39m [37mGET[39m [37m/wd/hub/session/ca13dbb0-4686-4af4-a0f6-7790ead09c8f/screenshot[39m
[35m[HTTP][39m [90m{}[39m
[35m[HTTP][39m [37m<-- GET /wd/hub/session/ca13dbb0-4686-4af4-a0f6-7790ead09c8f/screenshot [39m[32m200[39m [90m1814 ms - 1108992[39m
[35m[HTTP][39m [90m[39m
[35m[HTTP][39m [37m-->[39m [37mPOST[39m [37m/wd/hub/session/ca13dbb0-4686-4af4-a0f6-7790ead09c8f/elements[39m
[35m[HTTP][39m [90m{"using":"xpath","value":"//*[@class = 'android.widget.EditText' and @resource-id = '' and (@text = '' or . = '')]"}[39m
[35m[HTTP][39m [37m<-- POST /wd/hub/session/ca13dbb0-4686-4af4-a0f6-7790ead09c8f/elements [39m[32m200[39m [90m98 ms - 267[39m
[35m[HTTP][39m [90m[39m
[35m[HTTP][39m [37m-->[39m [37mPOST[39m [37m/wd/hub/session/ca13dbb0-4686-4af4-a0f6-7790ead09c8f/elements[39m
[35m[HTTP][39m [90m{"using":"-android uiautomator","value":"new UiSelector().className(\"android.widget.EditText\").resourceId(\"\")"}[39m
[35m[HTTP][39m [37m<-- POST /wd/hub/session/ca13dbb0-4686-4af4-a0f6-7790ead09c8f/elements [39m[32m200[39m [90m41 ms - 267[39m
[35m[HTTP][39m [90m[39m
[35m[HTTP][39m [37m-->[39m [37mGET[39m [37m/wd/hub/session/ca13dbb0-4686-4af4-a0f6-7790ead09c8f/window/rect[39m
[35m[HTTP][39m [90m{}[39m
[35m[HTTP][39m [37m<-- GET /wd/hub/session/ca13dbb0-4686-4af4-a0f6-7790ead09c8f/window/rect [39m[32m200[39m [90m17 ms - 50[39m
[35m[HTTP][39m [90m[39m
[35m[HTTP][39m [37m-->[39m [37mPOST[39m [37m/wd/hub/session/ca13dbb0-4686-4af4-a0f6-7790ead09c8f/elements[39m
[35m[HTTP][39m [90m{"using":"xpath","value":"//hierarchy/android.widget.FrameLayout[1]/android.widget.LinearLayout[1]/android.widget.FrameLayout[1]/android.widget.FrameLayout[1]/android.view.View[1]/android.view.View[1]/android.view.View[1]/android.widget.ScrollView[1]/android.widget.EditText[1]"}[39m
[35m[HTTP][39m [37m<-- POST /wd/hub/session/ca13dbb0-4686-4af4-a0f6-7790ead09c8f/elements [39m[32m200[39m [90m112 ms - 139[39m
[35m[HTTP][39m [90m[39m
[35m[HTTP][39m [37m-->[39m [37mGET[39m [37m/wd/hub/session/ca13dbb0-4686-4af4-a0f6-7790ead09c8f/element/00000000-0000-0016-0000-001c00000003/location[39m
[35m[HTTP][39m [90m{}[39m
[35m[W3C (ca13dbb0)][39m Driver proxy active, passing request on via HTTP proxy
[35m[WD Proxy][39m Replacing sessionId cdb55418-174a-4803-9e9f-058d5e655576 with ca13dbb0-4686-4af4-a0f6-7790ead09c8f
[35m[HTTP][39m [37m<-- GET /wd/hub/session/ca13dbb0-4686-4af4-a0f6-7790ead09c8f/element/00000000-0000-0016-0000-001c00000003/location [39m[32m200[39m [90m28 ms - 78[39m
[35m[HTTP][39m [90m[39m
[35m[HTTP][39m [37m-->[39m [37mPOST[39m [37m/wd/hub/session/ca13dbb0-4686-4af4-a0f6-7790ead09c8f/element/00000000-0000-0016-0000-001c00000003/clear[39m
[35m[HTTP][39m [90m{"id":"00000000-0000-0016-0000-001c00000003"}[39m
[35m[HTTP][39m [37m<-- POST /wd/hub/session/ca13dbb0-4686-4af4-a0f6-7790ead09c8f/element/00000000-0000-0016-0000-001c00000003/clear [39m[32m200[39m [90m47 ms - 14[39m
[35m[HTTP][39m [90m[39m
[35m[HTTP][39m [37m-->[39m [37mPOST[39m [37m/wd/hub/session/ca13dbb0-4686-4af4-a0f6-7790ead09c8f/element/00000000-0000-0016-0000-001c00000003/value[39m
[35m[HTTP][39m [90m{"id":"00000000-0000-0016-0000-001c00000003","text":"ehsan@gmail.com","value":["e","h","s","a","n","@","g","m","a","i","l",".","c","o","m"]}[39m
[35m[HTTP][39m [37m<-- POST /wd/hub/session/ca13dbb0-4686-4af4-a0f6-7790ead09c8f/element/00000000-0000-0016-0000-001c00000003/value [39m[32m200[39m [90m32 ms - 14[39m
[35m[HTTP][39m [90m[39m
[35m[HTTP][39m [37m-->[39m [37mGET[39m [37m/wd/hub/session/ca13dbb0-4686-4af4-a0f6-7790ead09c8f/source[39m
[35m[HTTP][39m [90m{}[39m
[35m[W3C (ca13dbb0)][39m Driver proxy active, passing request on via HTTP proxy
[35m[WD Proxy][39m Replacing sessionId cdb55418-174a-4803-9e9f-058d5e655576 with ca13dbb0-4686-4af4-a0f6-7790ead09c8f
[35m[HTTP][39m [37m<-- GET /wd/hub/session/ca13dbb0-4686-4af4-a0f6-7790ead09c8f/source [39m[32m200[39m [90m74 ms - 7536[39m
[35m[HTTP][39m [90m[39m
[35m[HTTP][39m [37m-->[39m [37mGET[39m [37m/wd/hub/session/ca13dbb0-4686-4af4-a0f6-7790ead09c8f/screenshot[39m
[35m[HTTP][39m [90m{}[39m
[35m[HTTP][39m [37m<-- GET /wd/hub/session/ca13dbb0-4686-4af4-a0f6-7790ead09c8f/screenshot [39m[32m200[39m [90m1217 ms - 1122646[39m
[35m[HTTP][39m [90m[39m
[35m[HTTP][39m [37m-->[39m [37mPOST[39m [37m/wd/hub/session/ca13dbb0-4686-4af4-a0f6-7790ead09c8f/elements[39m
[35m[HTTP][39m [90m{"using":"xpath","value":"//*[@class = 'android.widget.EditText' and @resource-id = '' and (@text = '' or . = '')]"}[39m
[35m[HTTP][39m [37m<-- POST /wd/hub/session/ca13dbb0-4686-4af4-a0f6-7790ead09c8f/elements [39m[32m200[39m [90m103 ms - 267[39m
[35m[HTTP][39m [90m[39m
[35m[HTTP][39m [37m-->[39m [37mPOST[39m [37m/wd/hub/session/ca13dbb0-4686-4af4-a0f6-7790ead09c8f/elements[39m
[35m[HTTP][39m [90m{"using":"-android uiautomator","value":"new UiSelector().className(\"android.widget.EditText\").resourceId(\"\")"}[39m
[35m[HTTP][39m [37m<-- POST /wd/hub/session/ca13dbb0-4686-4af4-a0f6-7790ead09c8f/elements [39m[32m200[39m [90m50 ms - 267[39m
[35m[HTTP][39m [90m[39m
[35m[HTTP][39m [37m-->[39m [37mGET[39m [37m/wd/hub/session/ca13dbb0-4686-4af4-a0f6-7790ead09c8f/window/rect[39m
[35m[HTTP][39m [90m{}[39m
[35m[HTTP][39m [37m<-- GET /wd/hub/session/ca13dbb0-4686-4af4-a0f6-7790ead09c8f/window/rect [39m[32m200[39m [90m13 ms - 50[39m
[35m[HTTP][39m [90m[39m
[35m[HTTP][39m [37m-->[39m [37mPOST[39m [37m/wd/hub/session/ca13dbb0-4686-4af4-a0f6-7790ead09c8f/elements[39m
[35m[HTTP][39m [90m{"using":"xpath","value":"//hierarchy/android.widget.FrameLayout[1]/android.widget.LinearLayout[1]/android.widget.FrameLayout[1]/android.widget.FrameLayout[1]/android.view.View[1]/android.view.View[1]/android.view.View[1]/android.widget.ScrollView[1]/android.widget.EditText[2]"}[39m
[35m[HTTP][39m [37m<-- POST /wd/hub/session/ca13dbb0-4686-4af4-a0f6-7790ead09c8f/elements [39m[32m200[39m [90m70 ms - 139[39m
[35m[HTTP][39m [90m[39m
[35m[HTTP][39m [37m-->[39m [37mGET[39m [37m/wd/hub/session/ca13dbb0-4686-4af4-a0f6-7790ead09c8f/element/00000000-0000-0016-0000-001e00000003/location[39m
[35m[HTTP][39m [90m{}[39m
[35m[W3C (ca13dbb0)][39m Driver proxy active, passing request on via HTTP proxy
[35m[WD Proxy][39m Replacing sessionId cdb55418-174a-4803-9e9f-058d5e655576 with ca13dbb0-4686-4af4-a0f6-7790ead09c8f
[35m[HTTP][39m [37m<-- GET /wd/hub/session/ca13dbb0-4686-4af4-a0f6-7790ead09c8f/element/00000000-0000-0016-0000-001e00000003/location [39m[32m200[39m [90m24 ms - 78[39m
[35m[HTTP][39m [90m[39m
[35m[HTTP][39m [37m-->[39m [37mPOST[39m [37m/wd/hub/session/ca13dbb0-4686-4af4-a0f6-7790ead09c8f/element/00000000-0000-0016-0000-001e00000003/click[39m
[35m[HTTP][39m [90m{"id":"00000000-0000-0016-0000-001e00000003"}[39m
[35m[HTTP][39m [37m<-- POST /wd/hub/session/ca13dbb0-4686-4af4-a0f6-7790ead09c8f/element/00000000-0000-0016-0000-001e00000003/click [39m[32m200[39m [90m63 ms - 14[39m
[35m[HTTP][39m [90m[39m
[35m[HTTP][39m [37m-->[39m [37mGET[39m [37m/wd/hub/session/ca13dbb0-4686-4af4-a0f6-7790ead09c8f/source[39m
[35m[HTTP][39m [90m{}[39m
[35m[W3C (ca13dbb0)][39m Driver proxy active, passing request on via HTTP proxy
[35m[WD Proxy][39m Replacing sessionId cdb55418-174a-4803-9e9f-058d5e655576 with ca13dbb0-4686-4af4-a0f6-7790ead09c8f
[35m[HTTP][39m [37m<-- GET /wd/hub/session/ca13dbb0-4686-4af4-a0f6-7790ead09c8f/source [39m[32m200[39m [90m205 ms - 7532[39m
[35m[HTTP][39m [90m[39m
[35m[HTTP][39m [37m-->[39m [37mGET[39m [37m/wd/hub/session/ca13dbb0-4686-4af4-a0f6-7790ead09c8f/screenshot[39m
[35m[HTTP][39m [90m{}[39m
[35m[HTTP][39m [37m<-- GET /wd/hub/session/ca13dbb0-4686-4af4-a0f6-7790ead09c8f/screenshot [39m[32m200[39m [90m692 ms - 755242[39m
[35m[HTTP][39m [90m[39m
[35m[HTTP][39m [37m-->[39m [37mPOST[39m [37m/wd/hub/session/ca13dbb0-4686-4af4-a0f6-7790ead09c8f/elements[39m
[35m[HTTP][39m [90m{"using":"xpath","value":"//*[@class = 'android.widget.EditText' and @resource-id = '' and (@text = '' or . = '')]"}[39m
[35m[HTTP][39m [37m<-- POST /wd/hub/session/ca13dbb0-4686-4af4-a0f6-7790ead09c8f/elements [39m[32m200[39m [90m85 ms - 267[39m
[35m[HTTP][39m [90m[39m
[35m[HTTP][39m [37m-->[39m [37mPOST[39m [37m/wd/hub/session/ca13dbb0-4686-4af4-a0f6-7790ead09c8f/elements[39m
[35m[HTTP][39m [90m{"using":"-android uiautomator","value":"new UiSelector().className(\"android.widget.EditText\").resourceId(\"\")"}[39m
[35m[HTTP][39m [37m<-- POST /wd/hub/session/ca13dbb0-4686-4af4-a0f6-7790ead09c8f/elements [39m[32m200[39m [90m42 ms - 267[39m
[35m[HTTP][39m [90m[39m
[35m[HTTP][39m [37m-->[39m [37mGET[39m [37m/wd/hub/session/ca13dbb0-4686-4af4-a0f6-7790ead09c8f/window/rect[39m
[35m[HTTP][39m [90m{}[39m
[35m[HTTP][39m [37m<-- GET /wd/hub/session/ca13dbb0-4686-4af4-a0f6-7790ead09c8f/window/rect [39m[32m200[39m [90m16 ms - 50[39m
[35m[HTTP][39m [90m[39m
[35m[HTTP][39m [37m-->[39m [37mPOST[39m [37m/wd/hub/session/ca13dbb0-4686-4af4-a0f6-7790ead09c8f/elements[39m
[35m[HTTP][39m [90m{"using":"xpath","value":"//hierarchy/android.widget.FrameLayout[1]/android.widget.LinearLayout[1]/android.widget.FrameLayout[1]/android.widget.FrameLayout[1]/android.view.View[1]/android.view.View[1]/android.view.View[1]/android.widget.ScrollView[1]/android.widget.EditText[2]"}[39m
[35m[HTTP][39m [37m<-- POST /wd/hub/session/ca13dbb0-4686-4af4-a0f6-7790ead09c8f/elements [39m[32m200[39m [90m78 ms - 139[39m
[35m[HTTP][39m [90m[39m
[35m[HTTP][39m [37m-->[39m [37mGET[39m [37m/wd/hub/session/ca13dbb0-4686-4af4-a0f6-7790ead09c8f/element/00000000-0000-0016-0000-001e00000003/location[39m
[35m[HTTP][39m [90m{}[39m
[35m[W3C (ca13dbb0)][39m Driver proxy active, passing request on via HTTP proxy
[35m[WD Proxy][39m Replacing sessionId cdb55418-174a-4803-9e9f-058d5e655576 with ca13dbb0-4686-4af4-a0f6-7790ead09c8f
[35m[HTTP][39m [37m<-- GET /wd/hub/session/ca13dbb0-4686-4af4-a0f6-7790ead09c8f/element/00000000-0000-0016-0000-001e00000003/location [39m[32m200[39m [90m20 ms - 78[39m
[35m[HTTP][39m [90m[39m
[35m[HTTP][39m [37m-->[39m [37mPOST[39m [37m/wd/hub/session/ca13dbb0-4686-4af4-a0f6-7790ead09c8f/element/00000000-0000-0016-0000-001e00000003/clear[39m
[35m[HTTP][39m [90m{"id":"00000000-0000-0016-0000-001e00000003"}[39m
[35m[HTTP][39m [37m<-- POST /wd/hub/session/ca13dbb0-4686-4af4-a0f6-7790ead09c8f/element/00000000-0000-0016-0000-001e00000003/clear [39m[32m200[39m [90m21 ms - 14[39m
[35m[HTTP][39m [90m[39m
[35m[HTTP][39m [37m-->[39m [37mPOST[39m [37m/wd/hub/session/ca13dbb0-4686-4af4-a0f6-7790ead09c8f/element/00000000-0000-0016-0000-001e00000003/value[39m
[35m[HTTP][39m [90m{"id":"00000000-0000-0016-0000-001e00000003","text":"Ehsan123","value":["E","h","s","a","n","1","2","3"]}[39m
[35m[HTTP][39m [37m<-- POST /wd/hub/session/ca13dbb0-4686-4af4-a0f6-7790ead09c8f/element/00000000-0000-0016-0000-001e00000003/value [39m[32m200[39m [90m29 ms - 14[39m
[35m[HTTP][39m [90m[39m
[35m[HTTP][39m [37m-->[39m [37mGET[39m [37m/wd/hub/session/ca13dbb0-4686-4af4-a0f6-7790ead09c8f/source[39m
[35m[HTTP][39m [90m{}[39m
[35m[W3C (ca13dbb0)][39m Driver proxy active, passing request on via HTTP proxy
[35m[WD Proxy][39m Replacing sessionId cdb55418-174a-4803-9e9f-058d5e655576 with ca13dbb0-4686-4af4-a0f6-7790ead09c8f
[35m[HTTP][39m [37m<-- GET /wd/hub/session/ca13dbb0-4686-4af4-a0f6-7790ead09c8f/source [39m[32m200[39m [90m43 ms - 7556[39m
[35m[HTTP][39m [90m[39m
[35m[HTTP][39m [37m-->[39m [37mGET[39m [37m/wd/hub/session/ca13dbb0-4686-4af4-a0f6-7790ead09c8f/screenshot[39m
[35m[HTTP][39m [90m{}[39m
[35m[HTTP][39m [37m<-- GET /wd/hub/session/ca13dbb0-4686-4af4-a0f6-7790ead09c8f/screenshot [39m[32m200[39m [90m643 ms - 754556[39m
[35m[HTTP][39m [90m[39m
[35m[HTTP][39m [37m-->[39m [37mGET[39m [37m/wd/hub/session/ca13dbb0-4686-4af4-a0f6-7790ead09c8f/context[39m
[35m[HTTP][39m [90m{}[39m
[35m[HTTP][39m [37m<-- GET /wd/hub/session/ca13dbb0-4686-4af4-a0f6-7790ead09c8f/context [39m[32m200[39m [90m1 ms - 22[39m
[35m[HTTP][39m [90m[39m
[35m[HTTP][39m [37m-->[39m [37mGET[39m [37m/wd/hub/session/ca13dbb0-4686-4af4-a0f6-7790ead09c8f/contexts[39m
[35m[HTTP][39m [90m{}[39m
[35m[HTTP][39m [37m<-- GET /wd/hub/session/ca13dbb0-4686-4af4-a0f6-7790ead09c8f/contexts [39m[32m200[39m [90m96 ms - 24[39m
[35m[HTTP][39m [90m[39m
[35m[HTTP][39m [37m-->[39m [37mPOST[39m [37m/wd/hub/session/ca13dbb0-4686-4af4-a0f6-7790ead09c8f/context[39m
[35m[HTTP][39m [90m{"name":"NATIVE_APP"}[39m
[35m[HTTP][39m [37m<-- POST /wd/hub/session/ca13dbb0-4686-4af4-a0f6-7790ead09c8f/context [39m[32m200[39m [90m2 ms - 14[39m
[35m[HTTP][39m [90m[39m
[35m[HTTP][39m [37m-->[39m [37mPOST[39m [37m/wd/hub/session/ca13dbb0-4686-4af4-a0f6-7790ead09c8f/touch/perform[39m
[35m[HTTP][39m [90m{"actions":[{"action":"press","options":{"x":0,"y":1450}},{"action":"wait","options":{"ms":500}},{"action":"moveTo","options":{"x":0,"y":1105}},{"action":"release","options":{}}]}[39m
[35m[HTTP][39m [37m<-- POST /wd/hub/session/ca13dbb0-4686-4af4-a0f6-7790ead09c8f/touch/perform [39m[32m200[39m [90m1012 ms - 14[39m
[35m[HTTP][39m [90m[39m
[35m[HTTP][39m [37m-->[39m [37mPOST[39m [37m/wd/hub/session/ca13dbb0-4686-4af4-a0f6-7790ead09c8f/context[39m
[35m[HTTP][39m [90m{"name":"NATIVE_APP"}[39m
[35m[HTTP][39m [37m<-- POST /wd/hub/session/ca13dbb0-4686-4af4-a0f6-7790ead09c8f/context [39m[32m200[39m [90m1 ms - 14[39m
[35m[HTTP][39m [90m[39m
[35m[HTTP][39m [37m-->[39m [37mGET[39m [37m/wd/hub/session/ca13dbb0-4686-4af4-a0f6-7790ead09c8f/source[39m
[35m[HTTP][39m [90m{}[39m
[35m[W3C (ca13dbb0)][39m Driver proxy active, passing request on via HTTP proxy
[35m[WD Proxy][39m Replacing sessionId cdb55418-174a-4803-9e9f-058d5e655576 with ca13dbb0-4686-4af4-a0f6-7790ead09c8f
[35m[HTTP][39m [37m<-- GET /wd/hub/session/ca13dbb0-4686-4af4-a0f6-7790ead09c8f/source [39m[32m200[39m [90m296 ms - 8427[39m
[35m[HTTP][39m [90m[39m
[35m[HTTP][39m [37m-->[39m [37mGET[39m [37m/wd/hub/session/ca13dbb0-4686-4af4-a0f6-7790ead09c8f/screenshot[39m
[35m[HTTP][39m [90m{}[39m
[35m[HTTP][39m [37m<-- GET /wd/hub/session/ca13dbb0-4686-4af4-a0f6-7790ead09c8f/screenshot [39m[32m200[39m [90m590 ms - 306162[39m
[35m[HTTP][39m [90m[39m
[35m[HTTP][39m [37m-->[39m [37mPOST[39m [37m/wd/hub/session/ca13dbb0-4686-4af4-a0f6-7790ead09c8f/elements[39m
[35m[HTTP][39m [90m{"using":"xpath","value":"//*[@class = 'android.view.View' and @resource-id = '' and (@text = '' or . = '')]"}[39m
[35m[HTTP][39m [37m<-- POST /wd/hub/session/ca13dbb0-4686-4af4-a0f6-7790ead09c8f/elements [39m[32m200[39m [90m100 ms - 1291[39m
[35m[HTTP][39m [90m[39m
[35m[HTTP][39m [37m-->[39m [37mPOST[39m [37m/wd/hub/session/ca13dbb0-4686-4af4-a0f6-7790ead09c8f/elements[39m
[35m[HTTP][39m [90m{"using":"accessibility id","value":"Masuk"}[39m
[35m[HTTP][39m [37m<-- POST /wd/hub/session/ca13dbb0-4686-4af4-a0f6-7790ead09c8f/elements [39m[32m200[39m [90m26 ms - 139[39m
[35m[HTTP][39m [90m[39m
[35m[HTTP][39m [37m-->[39m [37mGET[39m [37m/wd/hub/session/ca13dbb0-4686-4af4-a0f6-7790ead09c8f/window/rect[39m
[35m[HTTP][39m [90m{}[39m
[35m[HTTP][39m [37m<-- GET /wd/hub/session/ca13dbb0-4686-4af4-a0f6-7790ead09c8f/window/rect [39m[32m200[39m [90m13 ms - 50[39m
[35m[HTTP][39m [90m[39m
[35m[HTTP][39m [37m-->[39m [37mPOST[39m [37m/wd/hub/session/ca13dbb0-4686-4af4-a0f6-7790ead09c8f/elements[39m
[35m[HTTP][39m [90m{"using":"accessibility id","value":"Masuk"}[39m
[35m[HTTP][39m [37m<-- POST /wd/hub/session/ca13dbb0-4686-4af4-a0f6-7790ead09c8f/elements [39m[32m200[39m [90m29 ms - 139[39m
[35m[HTTP][39m [90m[39m
[35m[HTTP][39m [37m-->[39m [37mGET[39m [37m/wd/hub/session/ca13dbb0-4686-4af4-a0f6-7790ead09c8f/element/00000000-0000-0016-0000-002000000003/location[39m
[35m[HTTP][39m [90m{}[39m
[35m[W3C (ca13dbb0)][39m Driver proxy active, passing request on via HTTP proxy
[35m[WD Proxy][39m Replacing sessionId cdb55418-174a-4803-9e9f-058d5e655576 with ca13dbb0-4686-4af4-a0f6-7790ead09c8f
[35m[HTTP][39m [37m<-- GET /wd/hub/session/ca13dbb0-4686-4af4-a0f6-7790ead09c8f/element/00000000-0000-0016-0000-002000000003/location [39m[32m200[39m [90m21 ms - 78[39m
[35m[HTTP][39m [90m[39m
[35m[HTTP][39m [37m-->[39m [37mPOST[39m [37m/wd/hub/session/ca13dbb0-4686-4af4-a0f6-7790ead09c8f/element/00000000-0000-0016-0000-002000000003/click[39m
[35m[HTTP][39m [90m{"id":"00000000-0000-0016-0000-002000000003"}[39m
[35m[HTTP][39m [37m<-- POST /wd/hub/session/ca13dbb0-4686-4af4-a0f6-7790ead09c8f/element/00000000-0000-0016-0000-002000000003/click [39m[32m200[39m [90m49 ms - 14[39m
[35m[HTTP][39m [90m[39m
[35m[HTTP][39m [37m-->[39m [37mGET[39m [37m/wd/hub/session/ca13dbb0-4686-4af4-a0f6-7790ead09c8f/source[39m
[35m[HTTP][39m [90m{}[39m
[35m[W3C (ca13dbb0)][39m Driver proxy active, passing request on via HTTP proxy
[35m[WD Proxy][39m Replacing sessionId cdb55418-174a-4803-9e9f-058d5e655576 with ca13dbb0-4686-4af4-a0f6-7790ead09c8f
[35m[HTTP][39m [37m<-- GET /wd/hub/session/ca13dbb0-4686-4af4-a0f6-7790ead09c8f/source [39m[32m200[39m [90m48 ms - 8427[39m
[35m[HTTP][39m [90m[39m
[35m[HTTP][39m [37m-->[39m [37mGET[39m [37m/wd/hub/session/ca13dbb0-4686-4af4-a0f6-7790ead09c8f/screenshot[39m
[35m[HTTP][39m [90m{}[39m
[35m[HTTP][39m [37m<-- GET /wd/hub/session/ca13dbb0-4686-4af4-a0f6-7790ead09c8f/screenshot [39m[32m200[39m [90m592 ms - 306630[39m
[35m[HTTP][39m [90m[39m
[35m[HTTP][39m [37m-->[39m [37mPOST[39m [37m/wd/hub/session/ca13dbb0-4686-4af4-a0f6-7790ead09c8f/elements[39m
[35m[HTTP][39m [90m{"using":"xpath","value":"//*[@class = 'android.view.View' and @resource-id = '' and (@text = '' or . = '')]"}[39m
[35m[HTTP][39m [37m<-- POST /wd/hub/session/ca13dbb0-4686-4af4-a0f6-7790ead09c8f/elements [39m[32m200[39m [90m2501 ms - 1675[39m
[35m[HTTP][39m [90m[39m
[35m[HTTP][39m [37m-->[39m [37mPOST[39m [37m/wd/hub/session/ca13dbb0-4686-4af4-a0f6-7790ead09c8f/elements[39m
[35m[HTTP][39m [90m{"using":"-android uiautomator","value":"new UiSelector().className(\"android.view.View\").resourceId(\"\")"}[39m
[35m[HTTP][39m [37m<-- POST /wd/hub/session/ca13dbb0-4686-4af4-a0f6-7790ead09c8f/elements [39m[32m200[39m [90m112 ms - 1675[39m
[35m[HTTP][39m [90m[39m
[35m[HTTP][39m [37m-->[39m [37mPOST[39m [37m/wd/hub/session/ca13dbb0-4686-4af4-a0f6-7790ead09c8f/elements[39m
[35m[HTTP][39m [90m{"using":"xpath","value":"//*[@class = 'android.view.View' and @resource-id = '' and (@text = '' or . = '')]"}[39m
[35m[HTTP][39m [37m<-- POST /wd/hub/session/ca13dbb0-4686-4af4-a0f6-7790ead09c8f/elements [39m[32m200[39m [90m1465 ms - 1675[39m
[35m[HTTP][39m [90m[39m
[35m[HTTP][39m [37m-->[39m [37mPOST[39m [37m/wd/hub/session/ca13dbb0-4686-4af4-a0f6-7790ead09c8f/elements[39m
[35m[HTTP][39m [90m{"using":"-android uiautomator","value":"new UiSelector().className(\"android.view.View\").resourceId(\"\")"}[39m
[35m[HTTP][39m [37m<-- POST /wd/hub/session/ca13dbb0-4686-4af4-a0f6-7790ead09c8f/elements [39m[32m200[39m [90m93 ms - 1675[39m
[35m[HTTP][39m [90m[39m
[35m[HTTP][39m [37m-->[39m [37mGET[39m [37m/wd/hub/session/ca13dbb0-4686-4af4-a0f6-7790ead09c8f/source[39m
[35m[HTTP][39m [90m{}[39m
[35m[W3C (ca13dbb0)][39m Driver proxy active, passing request on via HTTP proxy
[35m[WD Proxy][39m Replacing sessionId cdb55418-174a-4803-9e9f-058d5e655576 with ca13dbb0-4686-4af4-a0f6-7790ead09c8f
[35m[HTTP][39m [37m<-- GET /wd/hub/session/ca13dbb0-4686-4af4-a0f6-7790ead09c8f/source [39m[32m200[39m [90m73 ms - 13291[39m
[35m[HTTP][39m [90m[39m
[35m[HTTP][39m [37m-->[39m [37mGET[39m [37m/wd/hub/session/ca13dbb0-4686-4af4-a0f6-7790ead09c8f/screenshot[39m
[35m[HTTP][39m [90m{}[39m
[35m[HTTP][39m [37m<-- GET /wd/hub/session/ca13dbb0-4686-4af4-a0f6-7790ead09c8f/screenshot [39m[32m200[39m [90m1654 ms - 1404486[39m
[35m[HTTP][39m [90m[39m
[35m[HTTP][39m [37m-->[39m [37mPOST[39m [37m/wd/hub/session/ca13dbb0-4686-4af4-a0f6-7790ead09c8f/elements[39m
[35m[HTTP][39m [90m{"using":"xpath","value":"//*[@class = 'android.widget.ImageView' and @resource-id = '' and (@text = '' or . = '')]"}[39m
[35m[HTTP][39m [37m<-- POST /wd/hub/session/ca13dbb0-4686-4af4-a0f6-7790ead09c8f/elements [39m[32m200[39m [90m2332 ms - 1547[39m
[35m[HTTP][39m [90m[39m
[35m[HTTP][39m [37m-->[39m [37mPOST[39m [37m/wd/hub/session/ca13dbb0-4686-4af4-a0f6-7790ead09c8f/elements[39m
[35m[HTTP][39m [90m{"using":"accessibility id","value":"Minum"}[39m
[35m[HTTP][39m [37m<-- POST /wd/hub/session/ca13dbb0-4686-4af4-a0f6-7790ead09c8f/elements [39m[32m200[39m [90m27 ms - 139[39m
[35m[HTTP][39m [90m[39m
[35m[HTTP][39m [37m-->[39m [37mGET[39m [37m/wd/hub/session/ca13dbb0-4686-4af4-a0f6-7790ead09c8f/window/rect[39m
[35m[HTTP][39m [90m{}[39m
[35m[HTTP][39m [37m<-- GET /wd/hub/session/ca13dbb0-4686-4af4-a0f6-7790ead09c8f/window/rect [39m[32m200[39m [90m10 ms - 50[39m
[35m[HTTP][39m [90m[39m
[35m[HTTP][39m [37m-->[39m [37mPOST[39m [37m/wd/hub/session/ca13dbb0-4686-4af4-a0f6-7790ead09c8f/elements[39m
[35m[HTTP][39m [90m{"using":"accessibility id","value":"Minum"}[39m
[35m[HTTP][39m [37m<-- POST /wd/hub/session/ca13dbb0-4686-4af4-a0f6-7790ead09c8f/elements [39m[32m200[39m [90m26 ms - 139[39m
[35m[HTTP][39m [90m[39m
[35m[HTTP][39m [37m-->[39m [37mGET[39m [37m/wd/hub/session/ca13dbb0-4686-4af4-a0f6-7790ead09c8f/element/00000000-0000-0016-0000-003100000003/location[39m
[35m[HTTP][39m [90m{}[39m
[35m[W3C (ca13dbb0)][39m Driver proxy active, passing request on via HTTP proxy
[35m[WD Proxy][39m Replacing sessionId cdb55418-174a-4803-9e9f-058d5e655576 with ca13dbb0-4686-4af4-a0f6-7790ead09c8f
[35m[HTTP][39m [37m<-- GET /wd/hub/session/ca13dbb0-4686-4af4-a0f6-7790ead09c8f/element/00000000-0000-0016-0000-003100000003/location [39m[32m200[39m [90m19 ms - 79[39m
[35m[HTTP][39m [90m[39m
[35m[HTTP][39m [37m-->[39m [37mPOST[39m [37m/wd/hub/session/ca13dbb0-4686-4af4-a0f6-7790ead09c8f/element/00000000-0000-0016-0000-003100000003/click[39m
[35m[HTTP][39m [90m{"id":"00000000-0000-0016-0000-003100000003"}[39m
[35m[HTTP][39m [37m<-- POST /wd/hub/session/ca13dbb0-4686-4af4-a0f6-7790ead09c8f/element/00000000-0000-0016-0000-003100000003/click [39m[32m200[39m [90m55 ms - 14[39m
[35m[HTTP][39m [90m[39m
[35m[HTTP][39m [37m-->[39m [37mGET[39m [37m/wd/hub/session/ca13dbb0-4686-4af4-a0f6-7790ead09c8f/source[39m
[35m[HTTP][39m [90m{}[39m
[35m[W3C (ca13dbb0)][39m Driver proxy active, passing request on via HTTP proxy
[35m[WD Proxy][39m Replacing sessionId cdb55418-174a-4803-9e9f-058d5e655576 with ca13dbb0-4686-4af4-a0f6-7790ead09c8f
[35m[HTTP][39m [37m<-- GET /wd/hub/session/ca13dbb0-4686-4af4-a0f6-7790ead09c8f/source [39m[32m200[39m [90m80 ms - 9710[39m
[35m[HTTP][39m [90m[39m
[35m[HTTP][39m [37m-->[39m [37mGET[39m [37m/wd/hub/session/ca13dbb0-4686-4af4-a0f6-7790ead09c8f/screenshot[39m
[35m[HTTP][39m [90m{}[39m
[35m[HTTP][39m [37m<-- GET /wd/hub/session/ca13dbb0-4686-4af4-a0f6-7790ead09c8f/screenshot [39m[32m200[39m [90m1840 ms - 2540904[39m
[35m[HTTP][39m [90m[39m
[35m[HTTP][39m [37m-->[39m [37mPOST[39m [37m/wd/hub/session/ca13dbb0-4686-4af4-a0f6-7790ead09c8f/elements[39m
[35m[HTTP][39m [90m{"using":"xpath","value":"//*[@class = 'android.view.View' and @resource-id = '' and (@text = '' or . = '')]"}[39m
[35m[HTTP][39m [37m<-- POST /wd/hub/session/ca13dbb0-4686-4af4-a0f6-7790ead09c8f/elements [39m[32m200[39m [90m483 ms - 2059[39m
[35m[HTTP][39m [90m[39m
[35m[HTTP][39m [37m-->[39m [37mPOST[39m [37m/wd/hub/session/ca13dbb0-4686-4af4-a0f6-7790ead09c8f/elements[39m
[35m[HTTP][39m [90m{"using":"-android uiautomator","value":"new UiSelector().className(\"android.view.View\").resourceId(\"\")"}[39m
[35m[HTTP][39m [37m<-- POST /wd/hub/session/ca13dbb0-4686-4af4-a0f6-7790ead09c8f/elements [39m[32m200[39m [90m142 ms - 2059[39m
[35m[HTTP][39m [90m[39m
[35m[HTTP][39m [37m-->[39m [37mPOST[39m [37m/wd/hub/session/ca13dbb0-4686-4af4-a0f6-7790ead09c8f/elements[39m
[35m[HTTP][39m [90m{"using":"xpath","value":"//*[@class = 'android.view.View' and @resource-id = '' and (@text = '' or . = '')]"}[39m
[35m[HTTP][39m [37m<-- POST /wd/hub/session/ca13dbb0-4686-4af4-a0f6-7790ead09c8f/elements [39m[32m200[39m [90m72 ms - 2059[39m
[35m[HTTP][39m [90m[39m
[35m[HTTP][39m [37m-->[39m [37mPOST[39m [37m/wd/hub/session/ca13dbb0-4686-4af4-a0f6-7790ead09c8f/elements[39m
[35m[HTTP][39m [90m{"using":"-android uiautomator","value":"new UiSelector().className(\"android.view.View\").resourceId(\"\")"}[39m
[35m[HTTP][39m [37m<-- POST /wd/hub/session/ca13dbb0-4686-4af4-a0f6-7790ead09c8f/elements [39m[32m200[39m [90m89 ms - 2059[39m
[35m[HTTP][39m [90m[39m
[35m[HTTP][39m [37m-->[39m [37mGET[39m [37m/wd/hub/session/ca13dbb0-4686-4af4-a0f6-7790ead09c8f/source[39m
[35m[HTTP][39m [90m{}[39m
[35m[W3C (ca13dbb0)][39m Driver proxy active, passing request on via HTTP proxy
[35m[WD Proxy][39m Replacing sessionId cdb55418-174a-4803-9e9f-058d5e655576 with ca13dbb0-4686-4af4-a0f6-7790ead09c8f
[35m[HTTP][39m [37m<-- GET /wd/hub/session/ca13dbb0-4686-4af4-a0f6-7790ead09c8f/source [39m[32m200[39m [90m54 ms - 14217[39m
[35m[HTTP][39m [90m[39m
[35m[HTTP][39m [37m-->[39m [37mGET[39m [37m/wd/hub/session/ca13dbb0-4686-4af4-a0f6-7790ead09c8f/screenshot[39m
[35m[HTTP][39m [90m{}[39m
[35m[HTTP][39m [37m<-- GET /wd/hub/session/ca13dbb0-4686-4af4-a0f6-7790ead09c8f/screenshot [39m[32m200[39m [90m1896 ms - 2540050[39m
[35m[HTTP][39m [90m[39m
[35m[HTTP][39m [37m-->[39m [37mPOST[39m [37m/wd/hub/session/ca13dbb0-4686-4af4-a0f6-7790ead09c8f/elements[39m
[35m[HTTP][39m [90m{"using":"xpath","value":"//*[@class = 'android.view.View' and @resource-id = '' and (@text = '' or . = '')]"}[39m
[35m[HTTP][39m [37m<-- POST /wd/hub/session/ca13dbb0-4686-4af4-a0f6-7790ead09c8f/elements [39m[32m200[39m [90m85 ms - 2059[39m
[35m[HTTP][39m [90m[39m
[35m[HTTP][39m [37m-->[39m [37mPOST[39m [37m/wd/hub/session/ca13dbb0-4686-4af4-a0f6-7790ead09c8f/elements[39m
[35m[HTTP][39m [90m{"using":"accessibility id","value":"+ Add"}[39m
[35m[HTTP][39m [37m<-- POST /wd/hub/session/ca13dbb0-4686-4af4-a0f6-7790ead09c8f/elements [39m[32m200[39m [90m30 ms - 267[39m
[35m[HTTP][39m [90m[39m
[35m[HTTP][39m [37m-->[39m [37mPOST[39m [37m/wd/hub/session/ca13dbb0-4686-4af4-a0f6-7790ead09c8f/elements[39m
[35m[HTTP][39m [90m{"using":"-android uiautomator","value":"new UiSelector().className(\"android.view.View\").resourceId(\"\")"}[39m
[35m[HTTP][39m [37m<-- POST /wd/hub/session/ca13dbb0-4686-4af4-a0f6-7790ead09c8f/elements [39m[32m200[39m [90m112 ms - 2059[39m
[35m[HTTP][39m [90m[39m
[35m[HTTP][39m [37m-->[39m [37mGET[39m [37m/wd/hub/session/ca13dbb0-4686-4af4-a0f6-7790ead09c8f/window/rect[39m
[35m[HTTP][39m [90m{}[39m
[35m[HTTP][39m [37m<-- GET /wd/hub/session/ca13dbb0-4686-4af4-a0f6-7790ead09c8f/window/rect [39m[32m200[39m [90m14 ms - 50[39m
[35m[HTTP][39m [90m[39m
[35m[HTTP][39m [37m-->[39m [37mPOST[39m [37m/wd/hub/session/ca13dbb0-4686-4af4-a0f6-7790ead09c8f/elements[39m
[35m[HTTP][39m [90m{"using":"xpath","value":"//hierarchy/android.widget.FrameLayout[1]/android.widget.LinearLayout[1]/android.widget.FrameLayout[1]/android.widget.FrameLayout[1]/android.view.View[1]/android.view.View[1]/android.view.View[1]/android.widget.ScrollView[1]/android.view.View[5]/android.view.View[1]/android.view.View[1]/android.view.View[1]"}[39m
[35m[HTTP][39m [37m<-- POST /wd/hub/session/ca13dbb0-4686-4af4-a0f6-7790ead09c8f/elements [39m[32m200[39m [90m60 ms - 139[39m
[35m[HTTP][39m [90m[39m
[35m[HTTP][39m [37m-->[39m [37mGET[39m [37m/wd/hub/session/ca13dbb0-4686-4af4-a0f6-7790ead09c8f/element/00000000-0000-0016-0000-007700000003/location[39m
[35m[HTTP][39m [90m{}[39m
[35m[W3C (ca13dbb0)][39m Driver proxy active, passing request on via HTTP proxy
[35m[WD Proxy][39m Replacing sessionId cdb55418-174a-4803-9e9f-058d5e655576 with ca13dbb0-4686-4af4-a0f6-7790ead09c8f
[35m[HTTP][39m [37m<-- GET /wd/hub/session/ca13dbb0-4686-4af4-a0f6-7790ead09c8f/element/00000000-0000-0016-0000-007700000003/location [39m[32m200[39m [90m23 ms - 79[39m
[35m[HTTP][39m [90m[39m
[35m[HTTP][39m [37m-->[39m [37mPOST[39m [37m/wd/hub/session/ca13dbb0-4686-4af4-a0f6-7790ead09c8f/element/00000000-0000-0016-0000-007700000003/click[39m
[35m[HTTP][39m [90m{"id":"00000000-0000-0016-0000-007700000003"}[39m
[35m[HTTP][39m [37m<-- POST /wd/hub/session/ca13dbb0-4686-4af4-a0f6-7790ead09c8f/element/00000000-0000-0016-0000-007700000003/click [39m[32m200[39m [90m56 ms - 14[39m
[35m[HTTP][39m [90m[39m
[35m[HTTP][39m [37m-->[39m [37mGET[39m [37m/wd/hub/session/ca13dbb0-4686-4af4-a0f6-7790ead09c8f/source[39m
[35m[HTTP][39m [90m{}[39m
[35m[W3C (ca13dbb0)][39m Driver proxy active, passing request on via HTTP proxy
[35m[WD Proxy][39m Replacing sessionId cdb55418-174a-4803-9e9f-058d5e655576 with ca13dbb0-4686-4af4-a0f6-7790ead09c8f
[35m[HTTP][39m [37m<-- GET /wd/hub/session/ca13dbb0-4686-4af4-a0f6-7790ead09c8f/source [39m[32m200[39m [90m83 ms - 14664[39m
[35m[HTTP][39m [90m[39m
[35m[HTTP][39m [37m-->[39m [37mGET[39m [37m/wd/hub/session/ca13dbb0-4686-4af4-a0f6-7790ead09c8f/screenshot[39m
[35m[HTTP][39m [90m{}[39m
[35m[HTTP][39m [37m<-- GET /wd/hub/session/ca13dbb0-4686-4af4-a0f6-7790ead09c8f/screenshot [39m[32m200[39m [90m1369 ms - 2453810[39m
[35m[HTTP][39m [90m[39m
[35m[HTTP][39m [37m-->[39m [37mPOST[39m [37m/wd/hub/session/ca13dbb0-4686-4af4-a0f6-7790ead09c8f/elements[39m
[35m[HTTP][39m [90m{"using":"xpath","value":"//*[@class = 'android.widget.ImageView' and @resource-id = '' and (@text = '' or . = '')]"}[39m
[35m[HTTP][39m [37m<-- POST /wd/hub/session/ca13dbb0-4686-4af4-a0f6-7790ead09c8f/elements [39m[32m200[39m [90m85 ms - 1419[39m
[35m[HTTP][39m [90m[39m
[35m[HTTP][39m [37m-->[39m [37mPOST[39m [37m/wd/hub/session/ca13dbb0-4686-4af4-a0f6-7790ead09c8f/elements[39m
[35m[HTTP][39m [90m{"using":"-android uiautomator","value":"new UiSelector().className(\"android.widget.ImageView\").resourceId(\"\")"}[39m
[35m[HTTP][39m [37m<-- POST /wd/hub/session/ca13dbb0-4686-4af4-a0f6-7790ead09c8f/elements [39m[32m200[39m [90m87 ms - 1419[39m
[35m[HTTP][39m [90m[39m
[35m[HTTP][39m [37m-->[39m [37mGET[39m [37m/wd/hub/session/ca13dbb0-4686-4af4-a0f6-7790ead09c8f/window/rect[39m
[35m[HTTP][39m [90m{}[39m
[35m[HTTP][39m [37m<-- GET /wd/hub/session/ca13dbb0-4686-4af4-a0f6-7790ead09c8f/window/rect [39m[32m200[39m [90m13 ms - 50[39m
[35m[HTTP][39m [90m[39m
[35m[HTTP][39m [37m-->[39m [37mPOST[39m [37m/wd/hub/session/ca13dbb0-4686-4af4-a0f6-7790ead09c8f/elements[39m
[35m[HTTP][39m [90m{"using":"xpath","value":"//hierarchy/android.widget.FrameLayout[1]/android.widget.LinearLayout[1]/android.widget.FrameLayout[1]/android.widget.FrameLayout[1]/android.view.View[1]/android.view.View[1]/android.view.View[1]/android.view.View[1]/android.view.View[1]/android.widget.ImageView[2]"}[39m
[35m[HTTP][39m [37m<-- POST /wd/hub/session/ca13dbb0-4686-4af4-a0f6-7790ead09c8f/elements [39m[32m200[39m [90m58 ms - 139[39m
[35m[HTTP][39m [90m[39m
[35m[HTTP][39m [37m-->[39m [37mGET[39m [37m/wd/hub/session/ca13dbb0-4686-4af4-a0f6-7790ead09c8f/element/00000000-0000-0016-0000-007200000003/location[39m
[35m[HTTP][39m [90m{}[39m
[35m[W3C (ca13dbb0)][39m Driver proxy active, passing request on via HTTP proxy
[35m[WD Proxy][39m Replacing sessionId cdb55418-174a-4803-9e9f-058d5e655576 with ca13dbb0-4686-4af4-a0f6-7790ead09c8f
[35m[HTTP][39m [37m<-- GET /wd/hub/session/ca13dbb0-4686-4af4-a0f6-7790ead09c8f/element/00000000-0000-0016-0000-007200000003/location [39m[32m200[39m [90m21 ms - 78[39m
[35m[HTTP][39m [90m[39m
[35m[HTTP][39m [37m-->[39m [37mPOST[39m [37m/wd/hub/session/ca13dbb0-4686-4af4-a0f6-7790ead09c8f/element/00000000-0000-0016-0000-007200000003/click[39m
[35m[HTTP][39m [90m{"id":"00000000-0000-0016-0000-007200000003"}[39m
[35m[HTTP][39m [37m<-- POST /wd/hub/session/ca13dbb0-4686-4af4-a0f6-7790ead09c8f/element/00000000-0000-0016-0000-007200000003/click [39m[32m200[39m [90m48 ms - 14[39m
[35m[HTTP][39m [90m[39m
[35m[HTTP][39m [37m-->[39m [37mGET[39m [37m/wd/hub/session/ca13dbb0-4686-4af4-a0f6-7790ead09c8f/source[39m
[35m[HTTP][39m [90m{}[39m
[35m[W3C (ca13dbb0)][39m Driver proxy active, passing request on via HTTP proxy
[35m[WD Proxy][39m Replacing sessionId cdb55418-174a-4803-9e9f-058d5e655576 with ca13dbb0-4686-4af4-a0f6-7790ead09c8f
[35m[HTTP][39m [37m<-- GET /wd/hub/session/ca13dbb0-4686-4af4-a0f6-7790ead09c8f/source [39m[32m200[39m [90m256 ms - 13288[39m
[35m[HTTP][39m [90m[39m
[35m[HTTP][39m [37m-->[39m [37mGET[39m [37m/wd/hub/session/ca13dbb0-4686-4af4-a0f6-7790ead09c8f/screenshot[39m
[35m[HTTP][39m [90m{}[39m
[35m[HTTP][39m [37m<-- GET /wd/hub/session/ca13dbb0-4686-4af4-a0f6-7790ead09c8f/screenshot [39m[32m200[39m [90m435 ms - 203782[39m
[35m[HTTP][39m [90m[39m
[35m[HTTP][39m [37m-->[39m [37mPOST[39m [37m/wd/hub/session/ca13dbb0-4686-4af4-a0f6-7790ead09c8f/elements[39m
[35m[HTTP][39m [90m{"using":"xpath","value":"//*[@class = 'android.view.View' and @resource-id = '' and (@text = '' or . = '')]"}[39m
[35m[HTTP][39m [37m<-- POST /wd/hub/session/ca13dbb0-4686-4af4-a0f6-7790ead09c8f/elements [39m[32m200[39m [90m77 ms - 2571[39m
[35m[HTTP][39m [90m[39m
[35m[HTTP][39m [37m-->[39m [37mPOST[39m [37m/wd/hub/session/ca13dbb0-4686-4af4-a0f6-7790ead09c8f/elements[39m
[35m[HTTP][39m [90m{"using":"accessibility id","value":"Tropical Mocktail\nRp 40.000\nCatatan: \n1"}[39m
[35m[HTTP][39m [37m<-- POST /wd/hub/session/ca13dbb0-4686-4af4-a0f6-7790ead09c8f/elements [39m[32m200[39m [90m27 ms - 139[39m
[35m[HTTP][39m [90m[39m
[35m[HTTP][39m [37m-->[39m [37mPOST[39m [37m/wd/hub/session/ca13dbb0-4686-4af4-a0f6-7790ead09c8f/elements[39m
[35m[HTTP][39m [90m{"using":"xpath","value":"//*[@class = 'android.view.View' and @resource-id = '' and (@text = '' or . = '')]"}[39m
[35m[HTTP][39m [37m<-- POST /wd/hub/session/ca13dbb0-4686-4af4-a0f6-7790ead09c8f/elements [39m[32m200[39m [90m71 ms - 2571[39m
[35m[HTTP][39m [90m[39m
[35m[HTTP][39m [37m-->[39m [37mPOST[39m [37m/wd/hub/session/ca13dbb0-4686-4af4-a0f6-7790ead09c8f/elements[39m
[35m[HTTP][39m [90m{"using":"accessibility id","value":"Tropical Mocktail\nRp 40.000\nCatatan: \n1"}[39m
[35m[HTTP][39m [37m<-- POST /wd/hub/session/ca13dbb0-4686-4af4-a0f6-7790ead09c8f/elements [39m[32m200[39m [90m30 ms - 139[39m
[35m[HTTP][39m [90m[39m
[35m[HTTP][39m [37m-->[39m [37mGET[39m [37m/wd/hub/session/ca13dbb0-4686-4af4-a0f6-7790ead09c8f/source[39m
[35m[HTTP][39m [90m{}[39m
[35m[W3C (ca13dbb0)][39m Driver proxy active, passing request on via HTTP proxy
[35m[WD Proxy][39m Replacing sessionId cdb55418-174a-4803-9e9f-058d5e655576 with ca13dbb0-4686-4af4-a0f6-7790ead09c8f
[35m[HTTP][39m [37m<-- GET /wd/hub/session/ca13dbb0-4686-4af4-a0f6-7790ead09c8f/source [39m[32m200[39m [90m48 ms - 13288[39m
[35m[HTTP][39m [90m[39m
[35m[HTTP][39m [37m-->[39m [37mGET[39m [37m/wd/hub/session/ca13dbb0-4686-4af4-a0f6-7790ead09c8f/screenshot[39m
[35m[HTTP][39m [90m{}[39m
[35m[HTTP][39m [37m<-- GET /wd/hub/session/ca13dbb0-4686-4af4-a0f6-7790ead09c8f/screenshot [39m[32m200[39m [90m447 ms - 203782[39m
[35m[HTTP][39m [90m[39m
[35m[HTTP][39m [37m-->[39m [37mDELETE[39m [37m/wd/hub/session/ca13dbb0-4686-4af4-a0f6-7790ead09c8f[39m
[35m[HTTP][39m [90m{}[39m
[35m[Appium][39m Removing session ca13dbb0-4686-4af4-a0f6-7790ead09c8f from our master session list
[35m[UiAutomator2][39m Restoring hidden api policy to the device default configuration
[35m[HTTP][39m [37m<-- DELETE /wd/hub/session/ca13dbb0-4686-4af4-a0f6-7790ead09c8f [39m[32m200[39m [90m416 ms - 14[39m
[35m[HTTP][39m [90m[39m
